<?xml version="1.0" encoding="UTF-8"?>
<testng-results ignored="0" total="1" passed="1" failed="0" skipped="0">
  <reporter-output>
    <line>
      <![CDATA[open browser]]>
    </line>
    <line>
      <![CDATA[page verified]]>
    </line>
    <line>
      <![CDATA[Login successfully]]>
    </line>
    <line>
      <![CDATA[Test started at: 2024-05-27 14:49:06]]>
    </line>
    <line>
      <![CDATA[we have 9 sub modules under Preadmission Module]]>
    </line>
    <line>
      <![CDATA[  Master Configuration]]>
    </line>
    <line>
      <![CDATA[  Document View]]>
    </line>
    <line>
      <![CDATA[  Pre admission Points]]>
    </line>
    <line>
      <![CDATA[  Application Form]]>
    </line>
    <line>
      <![CDATA[  Interview Schedule]]>
    </line>
    <line>
      <![CDATA[  Marks Entry]]>
    </line>
    <line>
      <![CDATA[  Pre admission Status]]>
    </line>
    <line>
      <![CDATA[  Transfer Student]]>
    </line>
    <line>
      <![CDATA[  Reports]]>
    </line>
    <line>
      <![CDATA[Test ended at: 2024-05-27 14:49:35]]>
    </line>
    <line>
      <![CDATA[logout]]>
    </line>
    <line>
      <![CDATA[closeBrowser]]>
    </line>
  </reporter-output>
  <suite started-at="2024-05-27T14:48:38 IST" name="Default suite" finished-at="2024-05-27T14:49:37 IST" duration-ms="58407">
    <groups>
      <group name="regression">
        <method signature="PreAdmission_ApplicationForm.Applicationform()[pri:0, instance:com.IVRM.TestScripts.PreAdmission_ApplicationForm@3246fb96]" name="Applicationform" class="com.IVRM.TestScripts.PreAdmission_ApplicationForm"/>
      </group> <!-- regression -->
      <group name="smoke">
        <method signature="PreAdmission_ApplicationForm.Applicationform()[pri:0, instance:com.IVRM.TestScripts.PreAdmission_ApplicationForm@3246fb96]" name="Applicationform" class="com.IVRM.TestScripts.PreAdmission_ApplicationForm"/>
      </group> <!-- smoke -->
    </groups>
    <test started-at="2024-05-27T14:48:38 IST" name="Default test" finished-at="2024-05-27T14:49:37 IST" duration-ms="58407">
      <class name="com.IVRM.TestScripts.PreAdmission_ApplicationForm">
        <test-method is-config="true" signature="BeforeTest()[pri:0, instance:com.IVRM.TestScripts.PreAdmission_ApplicationForm@3246fb96]" started-at="2024-05-27T14:48:38 IST" name="BeforeTest" finished-at="2024-05-27T14:48:39 IST" duration-ms="142" status="PASS">
          <reporter-output>
          </reporter-output>
        </test-method> <!-- BeforeTest -->
        <test-method is-config="true" signature="openbrowser()[pri:0, instance:com.IVRM.TestScripts.PreAdmission_ApplicationForm@3246fb96]" started-at="2024-05-27T14:48:39 IST" name="openbrowser" finished-at="2024-05-27T14:49:02 IST" duration-ms="23931" status="PASS">
          <reporter-output>
            <line>
              <![CDATA[open browser]]>
            </line>
            <line>
              <![CDATA[page verified]]>
            </line>
          </reporter-output>
        </test-method> <!-- openbrowser -->
        <test-method is-config="true" signature="login()[pri:0, instance:com.IVRM.TestScripts.PreAdmission_ApplicationForm@3246fb96]" started-at="2024-05-27T14:49:03 IST" name="login" finished-at="2024-05-27T14:49:06 IST" duration-ms="3031" status="PASS">
          <reporter-output>
            <line>
              <![CDATA[Login successfully]]>
            </line>
          </reporter-output>
        </test-method> <!-- login -->
        <test-method signature="Applicationform()[pri:0, instance:com.IVRM.TestScripts.PreAdmission_ApplicationForm@3246fb96]" started-at="2024-05-27T14:49:06 IST" name="Applicationform" finished-at="2024-05-27T14:49:35 IST" duration-ms="29483" status="PASS">
          <reporter-output>
            <line>
              <![CDATA[Test started at: 2024-05-27 14:49:06]]>
            </line>
            <line>
              <![CDATA[we have 9 sub modules under Preadmission Module]]>
            </line>
            <line>
              <![CDATA[  Master Configuration]]>
            </line>
            <line>
              <![CDATA[  Document View]]>
            </line>
            <line>
              <![CDATA[  Pre admission Points]]>
            </line>
            <line>
              <![CDATA[  Application Form]]>
            </line>
            <line>
              <![CDATA[  Interview Schedule]]>
            </line>
            <line>
              <![CDATA[  Marks Entry]]>
            </line>
            <line>
              <![CDATA[  Pre admission Status]]>
            </line>
            <line>
              <![CDATA[  Transfer Student]]>
            </line>
            <line>
              <![CDATA[  Reports]]>
            </line>
            <line>
              <![CDATA[Test ended at: 2024-05-27 14:49:35]]>
            </line>
          </reporter-output>
        </test-method> <!-- Applicationform -->
        <test-method is-config="true" signature="logout()[pri:0, instance:com.IVRM.TestScripts.PreAdmission_ApplicationForm@3246fb96]" started-at="2024-05-27T14:49:35 IST" name="logout" finished-at="2024-05-27T14:49:35 IST" duration-ms="176" status="PASS">
          <reporter-output>
            <line>
              <![CDATA[logout]]>
            </line>
          </reporter-output>
        </test-method> <!-- logout -->
        <test-method is-config="true" signature="closeBrowser()[pri:0, instance:com.IVRM.TestScripts.PreAdmission_ApplicationForm@3246fb96]" started-at="2024-05-27T14:49:35 IST" name="closeBrowser" finished-at="2024-05-27T14:49:36 IST" duration-ms="595" status="PASS">
          <reporter-output>
            <line>
              <![CDATA[closeBrowser]]>
            </line>
          </reporter-output>
        </test-method> <!-- closeBrowser -->
        <test-method is-config="true" signature="AfterTest()[pri:0, instance:com.IVRM.TestScripts.PreAdmission_ApplicationForm@3246fb96]" started-at="2024-05-27T14:49:36 IST" name="AfterTest" finished-at="2024-05-27T14:49:37 IST" duration-ms="990" status="PASS">
          <reporter-output>
          </reporter-output>
        </test-method> <!-- AfterTest -->
      </class> <!-- com.IVRM.TestScripts.PreAdmission_ApplicationForm -->
    </test> <!-- Default test -->
  </suite> <!-- Default suite -->
</testng-results>
